0 info it worked if it ends with ok
1 verbose cli [ '/Users/scott/.nvm/versions/io.js/v2.4.0/bin/iojs',
1 verbose cli   '/Users/scott/.nvm/versions/io.js/v2.4.0/bin/npm',
1 verbose cli   'install' ]
2 info using npm@2.13.0
3 info using node@v2.4.0
4 verbose readDependencies loading dependencies from /Users/scott/Dev/Code/cloudbrain/package.json
5 error install Couldn't read dependencies
6 verbose stack Error: ENOENT: no such file or directory, open '/Users/scott/Dev/Code/cloudbrain/package.json'
6 verbose stack     at Error (native)
7 verbose cwd /Users/scott/Dev/Code/cloudbrain
8 error Darwin 14.5.0
9 error argv "/Users/scott/.nvm/versions/io.js/v2.4.0/bin/iojs" "/Users/scott/.nvm/versions/io.js/v2.4.0/bin/npm" "install"
10 error node v2.4.0
11 error npm  v2.13.0
12 error path /Users/scott/Dev/Code/cloudbrain/package.json
13 error code ENOPACKAGEJSON
14 error errno -2
15 error syscall open
16 error package.json ENOENT: no such file or directory, open '/Users/scott/Dev/Code/cloudbrain/package.json'
16 error package.json This is most likely not a problem with npm itself.
16 error package.json npm can't find a package.json file in your current directory.
17 verbose exit [ -2, true ]
